<?xml version="1.0" encoding="UTF-8"?>
<!-- Generated by org.testng.reporters.JUnitReportReporter -->
<testsuite hostname="Jessica" name="TestSandbox" tests="1" failures="0" timestamp="13 Jun 2022 09:31:52 GMT" time="6.143" errors="0">
  <testcase name="assertThatHomePageTitleIsCorrect" time="6.143" classname="TestSandbox"/>
</testsuite> <!-- TestSandbox -->
