<?xml version="1.0" encoding="UTF-8"?>
<!-- Generated by org.testng.reporters.JUnitReportReporter -->
<testsuite hostname="Jessica" name="AmazonPageTest" tests="2" failures="0" timestamp="13 Jun 2022 12:38:24 GMT" time="32.452" errors="0">
  <testcase name="verifyAmazonPageTitleTest" time="0.079" classname="AmazonPageTest"/>
  <testcase name="performActionsOnAmazonPage" time="32.373" classname="AmazonPageTest"/>
</testsuite> <!-- AmazonPageTest -->
