<?xml version="1.0" encoding="UTF-8"?>
<!-- Generated by org.testng.reporters.JUnitReportReporter -->
<testsuite hostname="Santhosh" failures="0" tests="2" name="amazon.test.AmazonPageTest" time="68.318" errors="0" timestamp="2022-06-14T12:26:12 IST" skipped="0">
  <testcase classname="amazon.test.AmazonPageTest" name="verifyAmazonPageTitleTest" time="28.280"/>
  <system-out/>
  <testcase classname="amazon.test.AmazonPageTest" name="performActionsOnAmazonPage" time="40.038"/>
  <system-out/>
</testsuite> <!-- amazon.test.AmazonPageTest -->
